2026-06-12T20:18:39Z INF Thank you for trying Cloudflare Tunnel. Doing so, without a Cloudflare account, is a quick way to experiment and try it out. However, be aware that these account-less Tunnels have no uptime guarantee, are subject to the Cloudflare Online Services Terms of Use (https://www.cloudflare.com/website-terms/), and Cloudflare reserves the right to investigate your use of Tunnels for violations of such terms. If you intend to use Tunnels in production you should use a pre-created named tunnel by following: https://developers.cloudflare.com/cloudflare-one/connections/connect-apps
2026-06-12T20:18:39Z INF Requesting new quick Tunnel on trycloudflare.com...
2026-06-12T20:18:45Z INF +--------------------------------------------------------------------------------------------+
2026-06-12T20:18:45Z INF |  Your quick Tunnel has been created! Visit it at (it may take some time to be reachable):  |
2026-06-12T20:18:45Z INF |  https://nickname-comparisons-prohibited-namespace.trycloudflare.com                       |
2026-06-12T20:18:45Z INF +--------------------------------------------------------------------------------------------+
2026-06-12T20:18:45Z INF Cannot determine default configuration path. No file [config.yml config.yaml] in [~/.cloudflared ~/.cloudflare-warp ~/cloudflare-warp /etc/cloudflared /usr/local/etc/cloudflared]
2026-06-12T20:18:45Z INF Version 2026.5.2 (Checksum 151a81e06101cfe5a3da280e8e6eb87bf803fcb4175c1c14c2ad70813d708737)
2026-06-12T20:18:45Z INF GOOS: darwin, GOVersion: go1.26.3, GoArch: arm64
2026-06-12T20:18:45Z INF Settings: map[ha-connections:1 protocol:quic url:http://127.0.0.1:3741]
2026-06-12T20:18:45Z INF cloudflared will not automatically update if installed by a package manager.
2026-06-12T20:18:45Z INF Generated Connector ID: df9d1af0-a20a-42c1-bc20-508ec1d69199
2026-06-12T20:18:45Z INF Initial protocol quic
2026-06-12T20:18:45Z INF ICMP proxy will use 192.168.178.20 as source for IPv4
2026-06-12T20:18:45Z INF ICMP proxy will use fe80::417:a35f:497d:2056 in zone en0 as source for IPv6
2026-06-12T20:18:45Z INF Created ICMP proxy listening on 192.168.178.20:0
2026-06-12T20:18:45Z INF ICMP proxy will use 192.168.178.20 as source for IPv4
2026-06-12T20:18:45Z INF ICMP proxy will use fe80::417:a35f:497d:2056 in zone en0 as source for IPv6
2026-06-12T20:18:45Z INF Starting metrics server on 127.0.0.1:20241/metrics
2026-06-12T20:18:45Z INF Tunnel connection curve preferences: [X25519MLKEM768 CurveID(65074) CurveP256] connIndex=0 event=0 ip=2606:4700:a0::1
2026-06-12T20:18:45Z INF +-------------------------------------------------------------------------------------+
2026-06-12T20:18:45Z INF |                               CONNECTIVITY PRE-CHECKS                               |
2026-06-12T20:18:45Z INF +-------------------------------------------------------------------------------------+
2026-06-12T20:18:45Z INF |  COMPONENT         TARGET                     STATUS  DETAILS                       |
2026-06-12T20:18:45Z INF |  DNS Resolution    region1.v2.argotunnel.com  PASS    DNS Resolved successfully     |
2026-06-12T20:18:45Z INF |  DNS Resolution    region2.v2.argotunnel.com  PASS    DNS Resolved successfully     |
2026-06-12T20:18:45Z INF |  UDP Connectivity  region1.v2.argotunnel.com  PASS    QUIC connection successful    |
2026-06-12T20:18:45Z INF |  UDP Connectivity  region2.v2.argotunnel.com  PASS    QUIC connection successful    |
2026-06-12T20:18:45Z INF |  TCP Connectivity  region1.v2.argotunnel.com  PASS    HTTP/2 connection successful  |
2026-06-12T20:18:45Z INF |  TCP Connectivity  region2.v2.argotunnel.com  PASS    HTTP/2 connection successful  |
2026-06-12T20:18:45Z INF |  Cloudflare API    api.cloudflare.com:443     PASS    API is reachable              |
2026-06-12T20:18:45Z INF |                                                                                     |
2026-06-12T20:18:45Z INF |  SUMMARY: Environment is healthy. cloudflared will use 'quic' as primary protocol.  |
2026-06-12T20:18:45Z INF +-------------------------------------------------------------------------------------+
2026-06-12T20:18:45Z INF precheck component="DNS Resolution" details="DNS Resolved successfully" run_id=386a9a0b-79dd-4d65-8ac3-a38c40c7cd77 status=pass target=region1.v2.argotunnel.com
2026-06-12T20:18:45Z INF precheck component="DNS Resolution" details="DNS Resolved successfully" run_id=386a9a0b-79dd-4d65-8ac3-a38c40c7cd77 status=pass target=region2.v2.argotunnel.com
2026-06-12T20:18:45Z INF precheck component="UDP Connectivity" details="QUIC connection successful" run_id=386a9a0b-79dd-4d65-8ac3-a38c40c7cd77 status=pass target=region1.v2.argotunnel.com
2026-06-12T20:18:45Z INF precheck component="UDP Connectivity" details="QUIC connection successful" run_id=386a9a0b-79dd-4d65-8ac3-a38c40c7cd77 status=pass target=region2.v2.argotunnel.com
2026-06-12T20:18:45Z INF precheck component="TCP Connectivity" details="HTTP/2 connection successful" run_id=386a9a0b-79dd-4d65-8ac3-a38c40c7cd77 status=pass target=region1.v2.argotunnel.com
2026-06-12T20:18:45Z INF precheck component="TCP Connectivity" details="HTTP/2 connection successful" run_id=386a9a0b-79dd-4d65-8ac3-a38c40c7cd77 status=pass target=region2.v2.argotunnel.com
2026-06-12T20:18:45Z INF precheck component="Cloudflare API" details="API is reachable" run_id=386a9a0b-79dd-4d65-8ac3-a38c40c7cd77 status=pass target=api.cloudflare.com:443
2026-06-12T20:18:45Z INF precheck complete hard_fail=false run_id=386a9a0b-79dd-4d65-8ac3-a38c40c7cd77 suggested_protocol=quic
2026-06-12T20:18:45Z INF Registered tunnel connection connIndex=0 connection=ea034c61-598a-4515-bd92-ce9045a127ff event=0 ip=2606:4700:a0::1 location=txl01 protocol=quic
